# JRE version: OpenJDK Runtime Environment (18.0.2.1+1) (build 18.0.2.1+1)
# Java VM: OpenJDK 64-Bit Server VM (18.0.2.1+1, mixed mode, sharing, tiered, compressed oops, compressed class ptrs, g1 gc, windows-amd64)
GC Precious Log:
 CardTable entry size: 512
 Card Set container configuration: InlinePtr #cards 5 size 8 Array Of Cards #cards 12 size 40 Howl #buckets 4 coarsen threshold 1843 Howl Bitmap #cards 512 size 80 coarsen threshold 460 Card regions per heap region 1 cards per card region 2048
 CPUs: 8 total, 8 available
 Memory: 7820M
 Large Page Support: Disabled
 NUMA Support: Disabled
 Compressed Oops: Enabled (32-bit)
 Heap Region Size: 1M
 Heap Min Capacity: 8M
 Heap Initial Capacity: 124M
 Heap Max Capacity: 1956M
 Pre-touch: Disabled
 Parallel Workers: 8
 Concurrent Workers: 2
 Concurrent Refinement Workers: 8
 Periodic GC: Disabled
Heap:
 garbage-first heap   total 75776K, used 58133K [0x0000000085c00000, 0x0000000100000000)
  region size 1024K, 30 young (30720K), 4 survivors (4096K)
 Metaspace       used 52529K, committed 53248K, reserved 1114112K
  class space    used 7144K, committed 7488K, reserved 1048576K
GC Heap History (19 events):
Event: 0.572 GC heap before
{Heap before GC invocations=0 (full 0):
 garbage-first heap   total 126976K, used 24576K [0x0000000085c00000, 0x0000000100000000)
  region size 1024K, 23 young (23552K), 0 survivors (0K)
 Metaspace       used 7345K, committed 7552K, reserved 1114112K
  class space    used 892K, committed 960K, reserved 1048576K
}
Event: 0.580 GC heap after
{Heap after GC invocations=1 (full 0):
 garbage-first heap   total 126976K, used 8352K [0x0000000085c00000, 0x0000000100000000)
  region size 1024K, 3 young (3072K), 3 survivors (3072K)
 Metaspace       used 7345K, committed 7552K, reserved 1114112K
  class space    used 892K, committed 960K, reserved 1048576K
}
Event: 0.863 GC heap before
{Heap before GC invocations=1 (full 0):
 garbage-first heap   total 126976K, used 33952K [0x0000000085c00000, 0x0000000100000000)
  region size 1024K, 28 young (28672K), 3 survivors (3072K)
 Metaspace       used 12656K, committed 12864K, reserved 1114112K
  class space    used 1698K, committed 1792K, reserved 1048576K
}
Event: 0.867 GC heap after
{Heap after GC invocations=2 (full 0):
 garbage-first heap   total 126976K, used 10237K [0x0000000085c00000, 0x0000000100000000)
  region size 1024K, 2 young (2048K), 2 survivors (2048K)
 Metaspace       used 12656K, committed 12864K, reserved 1114112K
  class space    used 1698K, committed 1792K, reserved 1048576K
}
Event: 1.320 GC heap before
{Heap before GC invocations=2 (full 0):
 garbage-first heap   total 126976K, used 65533K [0x0000000085c00000, 0x0000000100000000)
  region size 1024K, 58 young (59392K), 2 survivors (2048K)
 Metaspace       used 21192K, committed 21504K, reserved 1114112K
  class space    used 2841K, committed 3008K, reserved 1048576K
}
Event: 1.328 GC heap after
{Heap after GC invocations=3 (full 0):
 garbage-first heap   total 126976K, used 15049K [0x0000000085c00000, 0x0000000100000000)
  region size 1024K, 7 young (7168K), 7 survivors (7168K)
 Metaspace       used 21192K, committed 21504K, reserved 1114112K
  class space    used 2841K, committed 3008K, reserved 1048576K
}
Event: 1.835 GC heap before
{Heap before GC invocations=4 (full 0):
 garbage-first heap   total 59392K, used 58057K [0x0000000085c00000, 0x0000000100000000)
  region size 1024K, 48 young (49152K), 7 survivors (7168K)
 Metaspace       used 27168K, committed 27648K, reserved 1114112K
  class space    used 3694K, committed 3968K, reserved 1048576K
}
Event: 1.848 GC heap after
{Heap after GC invocations=5 (full 0):
 garbage-first heap   total 70656K, used 18630K [0x0000000085c00000, 0x0000000100000000)
  region size 1024K, 4 young (4096K), 4 survivors (4096K)
 Metaspace       used 27168K, committed 27648K, reserved 1114112K
  class space    used 3694K, committed 3968K, reserved 1048576K
}
Event: 1.857 GC heap before
{Heap before GC invocations=5 (full 0):
 garbage-first heap   total 70656K, used 19654K [0x0000000085c00000, 0x0000000100000000)
  region size 1024K, 5 young (5120K), 4 survivors (4096K)
 Metaspace       used 27315K, committed 27776K, reserved 1114112K
  class space    used 3715K, committed 3968K, reserved 1048576K
}
Event: 1.863 GC heap after
{Heap after GC invocations=6 (full 0):
 garbage-first heap   total 84992K, used 19290K [0x0000000085c00000, 0x0000000100000000)
  region size 1024K, 1 young (1024K), 1 survivors (1024K)
 Metaspace       used 27315K, committed 27776K, reserved 1114112K
  class space    used 3715K, committed 3968K, reserved 1048576K
}
Event: 2.344 GC heap before
{Heap before GC invocations=6 (full 0):
 garbage-first heap   total 84992K, used 55130K [0x0000000085c00000, 0x0000000100000000)
  region size 1024K, 38 young (38912K), 1 survivors (1024K)
 Metaspace       used 35582K, committed 36096K, reserved 1114112K
  class space    used 4818K, committed 5056K, reserved 1048576K
}
Event: 2.348 GC heap after
{Heap after GC invocations=7 (full 0):
 garbage-first heap   total 84992K, used 20721K [0x0000000085c00000, 0x0000000100000000)
  region size 1024K, 3 young (3072K), 3 survivors (3072K)
 Metaspace       used 35582K, committed 36096K, reserved 1114112K
  class space    used 4818K, committed 5056K, reserved 1048576K
}
Event: 2.819 GC heap before
{Heap before GC invocations=8 (full 0):
 garbage-first heap   total 75776K, used 60657K [0x0000000085c00000, 0x0000000100000000)
  region size 1024K, 42 young (43008K), 3 survivors (3072K)
 Metaspace       used 44159K, committed 44736K, reserved 1114112K
  class space    used 6071K, committed 6336K, reserved 1048576K
}
Event: 2.822 GC heap after
{Heap after GC invocations=9 (full 0):
 garbage-first heap   total 75776K, used 22691K [0x0000000085c00000, 0x0000000100000000)
  region size 1024K, 5 young (5120K), 5 survivors (5120K)
 Metaspace       used 44159K, committed 44736K, reserved 1114112K
  class space    used 6071K, committed 6336K, reserved 1048576K
}
Event: 3.135 GC heap before
{Heap before GC invocations=9 (full 0):
 garbage-first heap   total 75776K, used 55459K [0x0000000085c00000, 0x0000000100000000)
  region size 1024K, 37 young (37888K), 5 survivors (5120K)
 Metaspace       used 49331K, committed 49984K, reserved 1114112K
  class space    used 6740K, committed 7040K, reserved 1048576K
}
Event: 3.140 GC heap after
{Heap after GC invocations=10 (full 0):
 garbage-first heap   total 75776K, used 25574K [0x0000000085c00000, 0x0000000100000000)
  region size 1024K, 5 young (5120K), 5 survivors (5120K)
 Metaspace       used 49331K, committed 49984K, reserved 1114112K
  class space    used 6740K, committed 7040K, reserved 1048576K
}
Event: 3.407 GC heap before
{Heap before GC invocations=10 (full 0):
 garbage-first heap   total 75776K, used 55270K [0x0000000085c00000, 0x0000000100000000)
  region size 1024K, 35 young (35840K), 5 survivors (5120K)
 Metaspace       used 52529K, committed 53248K, reserved 1114112K
  class space    used 7144K, committed 7488K, reserved 1048576K
}
Event: 3.413 GC heap after
{Heap after GC invocations=11 (full 0):
 garbage-first heap   total 75776K, used 29462K [0x0000000085c00000, 0x0000000100000000)
  region size 1024K, 5 young (5120K), 5 survivors (5120K)
 Metaspace       used 52529K, committed 53248K, reserved 1114112K
  class space    used 7144K, committed 7488K, reserved 1048576K
}
Event: 3.472 GC heap before
{Heap before GC invocations=11 (full 0):
 garbage-first heap   total 75776K, used 57110K [0x0000000085c00000, 0x0000000100000000)
  region size 1024K, 31 young (31744K), 5 survivors (5120K)
 Metaspace       used 52529K, committed 53248K, reserved 1114112K
  class space    used 7144K, committed 7488K, reserved 1048576K
}

